d:\project\alpacarenderer\alpacarenderer\debug\vc140.pdb
d:\project\alpacarenderer\alpacarenderer\debug\vc140.idb
d:\project\alpacarenderer\alpacarenderer\debug\apcdevice.obj
d:\project\alpacarenderer\alpacarenderer\debug\apcmain.obj
d:\project\alpacarenderer\alpacarenderer\debug\matrix.obj
d:\project\alpacarenderer\alpacarenderer\debug\vector3.obj
d:\project\alpacarenderer\alpacarenderer\debug\windowsapi.obj
d:\project\alpacarenderer\debug\alpacarenderer.ilk
d:\project\alpacarenderer\debug\alpacarenderer.exe
d:\project\alpacarenderer\debug\alpacarenderer.pdb
e:\project\alpacarenderer\debug\apcdevice.obj
e:\project\alpacarenderer\debug\apcmain.obj
e:\project\alpacarenderer\debug\matrix.obj
e:\project\alpacarenderer\debug\vector3.obj
e:\project\alpacarenderer\debug\windowsapi.obj
e:\project\alpacarenderer\debug\vc140.idb
e:\project\alpacarenderer\debug\vc140.pdb
e:\project\alpacarenderer\debug\alpacarenderer.exe
e:\project\alpacarenderer\debug\alpacarenderer.tlog\cl.command.1.tlog
e:\project\alpacarenderer\debug\alpacarenderer.tlog\cl.read.1.tlog
e:\project\alpacarenderer\debug\alpacarenderer.tlog\cl.write.1.tlog
e:\project\alpacarenderer\debug\alpacarenderer.tlog\link.command.1.tlog
e:\project\alpacarenderer\debug\alpacarenderer.tlog\link.read.1.tlog
e:\project\alpacarenderer\debug\alpacarenderer.tlog\link.write.1.tlog
